c:\users\administrator\desktop\git\tanchishe\2021-12-25\x64\debug\vc143.pdb
c:\users\administrator\desktop\git\tanchishe\2021-12-25\x64\debug\vc143.idb
c:\users\administrator\desktop\git\tanchishe\2021-12-25\x64\debug\printinfo.obj
c:\users\administrator\desktop\git\tanchishe\2021-12-25\x64\debug\main.obj
c:\users\administrator\desktop\git\tanchishe\2021-12-25\x64\debug\gamesetting.obj
c:\users\administrator\desktop\git\tanchishe\x64\debug\2021-12-25.pdb
c:\users\administrator\desktop\git\tanchishe\2021-12-25\x64\debug\2021-12-25.tlog\cl.command.1.tlog
c:\users\administrator\desktop\git\tanchishe\2021-12-25\x64\debug\2021-12-25.tlog\cl.read.1.tlog
c:\users\administrator\desktop\git\tanchishe\2021-12-25\x64\debug\2021-12-25.tlog\cl.write.1.tlog
c:\users\administrator\desktop\git\tanchishe\2021-12-25\x64\debug\2021-12-25.tlog\link-cvtres.read.1.tlog
c:\users\administrator\desktop\git\tanchishe\2021-12-25\x64\debug\2021-12-25.tlog\link-cvtres.write.1.tlog
c:\users\administrator\desktop\git\tanchishe\2021-12-25\x64\debug\2021-12-25.tlog\link-rc.read.1.tlog
c:\users\administrator\desktop\git\tanchishe\2021-12-25\x64\debug\2021-12-25.tlog\link-rc.write.1.tlog
c:\users\administrator\desktop\git\tanchishe\2021-12-25\x64\debug\2021-12-25.tlog\link.15320-cvtres.read.1.tlog
c:\users\administrator\desktop\git\tanchishe\2021-12-25\x64\debug\2021-12-25.tlog\link.15320-cvtres.write.1.tlog
c:\users\administrator\desktop\git\tanchishe\2021-12-25\x64\debug\2021-12-25.tlog\link.15320-rc.read.1.tlog
c:\users\administrator\desktop\git\tanchishe\2021-12-25\x64\debug\2021-12-25.tlog\link.15320-rc.write.1.tlog
c:\users\administrator\desktop\git\tanchishe\2021-12-25\x64\debug\2021-12-25.tlog\link.15320.read.1.tlog
c:\users\administrator\desktop\git\tanchishe\2021-12-25\x64\debug\2021-12-25.tlog\link.15320.read.2.tlog
c:\users\administrator\desktop\git\tanchishe\2021-12-25\x64\debug\2021-12-25.tlog\link.15320.write.1.tlog
c:\users\administrator\desktop\git\tanchishe\2021-12-25\x64\debug\2021-12-25.tlog\link.command.1.tlog
c:\users\administrator\desktop\git\tanchishe\2021-12-25\x64\debug\2021-12-25.tlog\link.read.1.tlog
c:\users\administrator\desktop\git\tanchishe\2021-12-25\x64\debug\2021-12-25.tlog\link.read.2.tlog
c:\users\administrator\desktop\git\tanchishe\2021-12-25\x64\debug\2021-12-25.tlog\link.write.1.tlog
